<?xml version="1.0" encoding="UTF-8"?>
<testsuite failures="0" errors="0" skipped="0" tests="3" time="201.436388" name="Home screen">
<testcase classname="Home screen" name="Total movies on Featured screen" time="16.256577">
  <system-out>
    <![CDATA[]]>
  </system-out>
  <system-err>
    <![CDATA[]]>
  </system-err>
</testcase>
<testcase classname="Home screen" name="Movie info" time="126.154917">
  <system-out>
    <![CDATA[["Bridge of Spies", "2015", 5.2]
["The Last Witch Hunter", "2015", 4.8]
["Crimson Peak", "2015", 6.0]
["Spectre", "2015", 6.2]
["The Martian", "2015", 7.7]
]]>
  </system-out>
  <system-err>
    <![CDATA[]]>
  </system-err>
</testcase>
<testcase classname="Home screen" name="Highest rating movie" time="59.024894">
  <system-out>
    <![CDATA[["Spectre", "2015", 6.2]
["The Martian", "2015", 7.7]
["The Martian", "2015", 7.7]
]]>
  </system-out>
  <system-err>
    <![CDATA[]]>
  </system-err>
</testcase>
</testsuite>
